[debug] [2020-05-31T07:59:33.629Z] ----------------------------------------------------------------------
[debug] [2020-05-31T07:59:33.633Z] Command:       C:\Program Files\nodejs\node.exe C:\Users\fukagayay\AppData\Roaming\npm\node_modules\firebase-tools\lib\bin\firebase.js init
[debug] [2020-05-31T07:59:33.633Z] CLI Version:   8.4.1
[debug] [2020-05-31T07:59:33.633Z] Platform:      win32
[debug] [2020-05-31T07:59:33.634Z] Node Version:  v12.16.2
[debug] [2020-05-31T07:59:33.635Z] Time:          Sun May 31 2020 16:59:33 GMT+0900 (GMT+09:00)
[debug] [2020-05-31T07:59:33.635Z] ----------------------------------------------------------------------
[debug] [2020-05-31T07:59:33.636Z] 
[debug] [2020-05-31T07:59:33.652Z] > command requires scopes: ["email","openid","https://www.googleapis.com/auth/cloudplatformprojects.readonly","https://www.googleapis.com/auth/firebase","https://www.googleapis.com/auth/cloud-platform"]
[debug] [2020-05-31T07:59:33.653Z] > authorizing via signed-in user
[info] 
     ######## #### ########  ######## ########     ###     ######  ########
     ##        ##  ##     ## ##       ##     ##  ##   ##  ##       ##
     ######    ##  ########  ######   ########  #########  ######  ######
     ##        ##  ##    ##  ##       ##     ## ##     ##       ## ##
     ##       #### ##     ## ######## ########  ##     ##  ######  ########

You're about to initialize a Firebase project in this directory:

  C:\work\nuxtjs\i-love-fukuoka

Before we get started, keep in mind:

  * You are currently outside your home directory

